P:\DOCUMENTS\REGIME\KINGENGINE\UNTITLED\DEBUG\KSABSTRACT.OBJ
P:\DOCUMENTS\REGIME\KINGENGINE\UNTITLED\DEBUG\KSABSTRACTLAYER.OBJ
P:\DOCUMENTS\REGIME\KINGENGINE\UNTITLED\DEBUG\KSATTACKLOG.OBJ
P:\DOCUMENTS\REGIME\KINGENGINE\UNTITLED\DEBUG\KSAUDIOTRACK.OBJ
P:\DOCUMENTS\REGIME\KINGENGINE\UNTITLED\DEBUG\KSEFFECT.OBJ
P:\DOCUMENTS\REGIME\KINGENGINE\UNTITLED\DEBUG\KSENGINE.OBJ
P:\DOCUMENTS\REGIME\KINGENGINE\UNTITLED\DEBUG\KSMAP.OBJ
P:\DOCUMENTS\REGIME\KINGENGINE\UNTITLED\DEBUG\KSMENU.OBJ
P:\DOCUMENTS\REGIME\KINGENGINE\UNTITLED\DEBUG\KSOBJECT.OBJ
P:\DOCUMENTS\REGIME\KINGENGINE\UNTITLED\DEBUG\KSPARTICLEENGINE.OBJ
P:\DOCUMENTS\REGIME\KINGENGINE\UNTITLED\DEBUG\KSPATHFINDER.OBJ
P:\DOCUMENTS\REGIME\KINGENGINE\UNTITLED\DEBUG\KSPLAYER.OBJ
P:\DOCUMENTS\REGIME\KINGENGINE\UNTITLED\DEBUG\KSTEXT.OBJ
P:\DOCUMENTS\REGIME\KINGENGINE\UNTITLED\DEBUG\KSTEXTLOG.OBJ
P:\DOCUMENTS\REGIME\KINGENGINE\UNTITLED\DEBUG\DRIVER.OBJ
P:\DOCUMENTS\REGIME\KINGENGINE\UNTITLED\DEBUG\VC110.PDB
P:\DOCUMENTS\REGIME\KINGENGINE\DEBUG\KINGENGINE.ILK
P:\DOCUMENTS\REGIME\KINGENGINE\DEBUG\KINGENGINE.EXE
P:\DOCUMENTS\REGIME\KINGENGINE\DEBUG\KINGENGINE.PDB
P:\Documents\Regime\KingEngine\untitled\Debug\driver.obj
P:\Documents\Regime\KingEngine\untitled\Debug\ksAbstract.obj
P:\Documents\Regime\KingEngine\untitled\Debug\ksAbstractLayer.obj
P:\Documents\Regime\KingEngine\untitled\Debug\ksAttackLog.obj
P:\Documents\Regime\KingEngine\untitled\Debug\ksAudioTrack.obj
P:\Documents\Regime\KingEngine\untitled\Debug\ksEffect.obj
P:\Documents\Regime\KingEngine\untitled\Debug\ksEngine.obj
P:\Documents\Regime\KingEngine\untitled\Debug\ksMap.obj
P:\Documents\Regime\KingEngine\untitled\Debug\ksMenu.obj
P:\Documents\Regime\KingEngine\untitled\Debug\ksObject.obj
P:\Documents\Regime\KingEngine\untitled\Debug\ksParticleEngine.obj
P:\Documents\Regime\KingEngine\untitled\Debug\ksPathFinder.obj
P:\Documents\Regime\KingEngine\untitled\Debug\ksPlayer.obj
P:\Documents\Regime\KingEngine\untitled\Debug\ksText.obj
P:\Documents\Regime\KingEngine\untitled\Debug\ksTextLog.obj
P:\Documents\Regime\KingEngine\untitled\Debug\cl.command.1.tlog
P:\Documents\Regime\KingEngine\untitled\Debug\CL.read.1.tlog
P:\Documents\Regime\KingEngine\untitled\Debug\CL.write.1.tlog
P:\Documents\Regime\KingEngine\untitled\Debug\link-cvtres.read.1.tlog
P:\Documents\Regime\KingEngine\untitled\Debug\link-cvtres.write.1.tlog
P:\Documents\Regime\KingEngine\untitled\Debug\link-rc.read.1.tlog
P:\Documents\Regime\KingEngine\untitled\Debug\link-rc.write.1.tlog
P:\Documents\Regime\KingEngine\untitled\Debug\link.command.1.tlog
P:\Documents\Regime\KingEngine\untitled\Debug\link.read.1.tlog
P:\Documents\Regime\KingEngine\untitled\Debug\link.read.2.tlog
P:\Documents\Regime\KingEngine\untitled\Debug\link.write.1.tlog
P:\Documents\Regime\KingEngine\untitled\Debug\vc110.idb
P:\Documents\Regime\KingEngine\untitled\Debug\vc110.pdb
P:\Documents\Regime\KingEngine\Debug\KingEngine.pdb
P:\Documents\Regime\KingEngine\Debug\KingEngine.exe
P:\Documents\Regime\KingEngine\Debug\KingEngine.ilk
